2026-06-12 14:05:24,423 [INFO] Activator:176 - 


2026-06-12 14:05:24,437 [INFO] Activator:177 - !SESSION log4j initialized
2026-06-12 14:05:35,092 [INFO] LogOutputStream:77 - [STDOUT_REDIRECT] 
2026-06-12 14:05:38,580 [ERROR] ConfigurationRetriever:142 - IOException on connection: Read timed out
2026-06-12 15:51:04,521 [ERROR] ConfigurationRetriever:142 - IOException on connection: Read timed out
2026-06-12 15:52:39,923 [ERROR] ConfigurationRetriever:142 - IOException on connection: Read timed out
2026-06-12 22:40:29,447 [INFO] Activator:176 - 


2026-06-12 22:40:29,455 [INFO] Activator:177 - !SESSION log4j initialized
2026-06-12 22:40:40,644 [INFO] LogOutputStream:77 - [STDOUT_REDIRECT] 
2026-06-12 22:40:44,427 [ERROR] ConfigurationRetriever:142 - IOException on connection: Read timed out
2026-06-12 22:42:50,587 [ERROR] ConfigurationRetriever:142 - IOException on connection: Read timed out
2026-06-12 22:45:15,715 [INFO] Activator:176 - 


2026-06-12 22:45:15,727 [INFO] Activator:177 - !SESSION log4j initialized
2026-06-12 22:45:26,342 [INFO] LogOutputStream:77 - [STDOUT_REDIRECT] 
2026-06-12 22:56:11,724 [ERROR] ConfigurationRetriever:142 - IOException on connection: Read timed out
2026-06-12 22:56:14,327 [ERROR] AdobePublisher:162 - Exception while opening the connection: java.net.SocketTimeoutException: Read timed out
2026-06-12 22:56:14,327 [ERROR] AdobePublisher:162 - Exception while opening the connection: java.net.SocketTimeoutException: Read timed out
2026-06-12 22:56:14,328 [ERROR] AdobePublisher:162 - Exception while opening the connection: java.net.SocketTimeoutException: Read timed out
2026-06-12 22:56:14,328 [ERROR] AdobePublisher:162 - Exception while opening the connection: java.net.SocketTimeoutException: Read timed out
2026-06-12 22:56:14,328 [ERROR] AdobePublisher:162 - Exception while opening the connection: java.net.SocketTimeoutException: Read timed out
2026-06-12 22:56:16,399 [ERROR] AdobePublisher:162 - Exception while opening the connection: java.net.SocketTimeoutException: Read timed out
2026-06-12 22:56:16,400 [ERROR] AdobePublisher:162 - Exception while opening the connection: java.net.SocketTimeoutException: Read timed out
2026-06-12 22:56:16,400 [ERROR] AdobePublisher:162 - Exception while opening the connection: java.net.SocketTimeoutException: Read timed out
2026-06-12 22:56:16,401 [ERROR] AdobePublisher:162 - Exception while opening the connection: java.net.SocketTimeoutException: Read timed out
2026-06-12 22:56:16,401 [ERROR] AdobePublisher:162 - Exception while opening the connection: java.net.SocketTimeoutException: Read timed out
