2026-06-10 20:44:57,141 [INFO] Activator:176 - 


2026-06-10 20:44:57,164 [INFO] Activator:177 - !SESSION log4j initialized
2026-06-10 20:45:08,289 [INFO] LogOutputStream:77 - [STDOUT_REDIRECT] 
2026-06-10 21:00:24,414 [ERROR] ConfigurationRetriever:142 - IOException on connection: Read timed out
2026-06-10 21:09:38,851 [ERROR] ConfigurationRetriever:142 - IOException on connection: Read timed out
2026-06-10 21:09:41,859 [ERROR] ConfigurationRetriever:142 - IOException on connection: Read timed out
2026-06-10 21:12:46,844 [ERROR] ConfigurationRetriever:142 - IOException on connection: Read timed out
2026-06-10 21:38:45,347 [ERROR] ConfigurationRetriever:142 - IOException on connection: Read timed out
2026-06-10 21:39:42,509 [ERROR] AdobePublisher:162 - Exception while opening the connection: java.net.SocketTimeoutException: Connect timed out
2026-06-10 21:39:42,512 [ERROR] AdobePublisher:162 - Exception while opening the connection: java.net.SocketTimeoutException: Connect timed out
2026-06-10 21:39:42,513 [ERROR] AdobePublisher:162 - Exception while opening the connection: java.net.SocketTimeoutException: Connect timed out
2026-06-10 21:39:42,513 [ERROR] AdobePublisher:162 - Exception while opening the connection: java.net.SocketTimeoutException: Connect timed out
2026-06-10 21:39:42,514 [ERROR] AdobePublisher:162 - Exception while opening the connection: java.net.SocketTimeoutException: Connect timed out
2026-06-10 21:52:22,819 [INFO] Activator:176 - 


2026-06-10 21:52:22,826 [INFO] Activator:177 - !SESSION log4j initialized
2026-06-10 21:52:35,149 [INFO] LogOutputStream:77 - [STDOUT_REDIRECT] 
2026-06-10 23:13:46,366 [INFO] Activator:176 - 


2026-06-10 23:13:46,372 [INFO] Activator:177 - !SESSION log4j initialized
2026-06-10 23:13:57,173 [INFO] LogOutputStream:77 - [STDOUT_REDIRECT] 
2026-06-10 23:14:00,652 [ERROR] ConfigurationRetriever:142 - IOException on connection: Read timed out
2026-06-10 23:47:54,762 [ERROR] ConfigurationRetriever:142 - IOException on connection: Read timed out
